<?xml version="1.0" encoding="UTF-8"?>
<testng-results ignored="0" total="1" passed="1" failed="0" skipped="0">
  <reporter-output>
  </reporter-output>
  <suite started-at="2023-05-01T20:21:19 MDT" name="Default suite" finished-at="2023-05-01T20:21:34 MDT" duration-ms="15190">
    <groups>
    </groups>
    <test started-at="2023-05-01T20:21:19 MDT" name="Default test" finished-at="2023-05-01T20:21:34 MDT" duration-ms="15190">
      <class name="test.AddCustomerTest">
        <test-method signature="userShouldBeAbleToAddCustomer()[pri:0, instance:test.AddCustomerTest@13b13b5d]" started-at="2023-05-01T20:21:19 MDT" name="userShouldBeAbleToAddCustomer" finished-at="2023-05-01T20:21:34 MDT" duration-ms="15146" status="PASS">
          <reporter-output>
          </reporter-output>
        </test-method> <!-- userShouldBeAbleToAddCustomer -->
      </class> <!-- test.AddCustomerTest -->
    </test> <!-- Default test -->
  </suite> <!-- Default suite -->
</testng-results>
